#
# There is insufficient memory for the Java Runtime Environment to continue.
# Native memory allocation (mmap) failed to map 17179869184 bytes for committing reserved memory.
# Possible reasons:
#   The system is out of physical RAM or swap space
#   The process is running with CompressedOops enabled, and the Java Heap may be blocking the growth of the native heap
# Possible solutions:
#   Reduce memory load on the system
#   Increase physical memory or swap space
#   Check if swap backing store is full
#   Decrease Java heap size (-Xmx/-Xms)
#   Decrease number of Java threads
#   Decrease Java thread stack sizes (-Xss)
#   Set larger code cache with -XX:ReservedCodeCacheSize=
#   JVM is running with Zero Based Compressed Oops mode in which the Java heap is
#     placed in the first 32GB address space. The Java Heap base address is the
#     maximum limit for the native heap growth. Please use -XX:HeapBaseMinAddress
#     to set the Java Heap base and to place the Java Heap above 32GB virtual address.
# This output file may be truncated or incomplete.
#
#  Out of Memory Error (os_linux.cpp:2728), pid=17104, tid=17107
#
# JRE version:  (17.0.1+12) (build )
# Java VM: OpenJDK 64-Bit Server VM (17.0.1+12, mixed mode, sharing, tiered, compressed oops, compressed class ptrs, g1 gc, linux-amd64)
# Core dump will be written. Default location: Core dumps may be processed with "/usr/lib/systemd/systemd-coredump %P %u %g %s %t %c %h %e" (or dumping to /var/minecraft/server/core.17104)
#

---------------  S U M M A R Y ------------

Command Line: -Xms16G -Xmx16G -XX:+UseG1GC -XX:+ParallelRefProcEnabled -XX:MaxGCPauseMillis=200 -XX:+UnlockExperimentalVMOptions -XX:+DisableExplicitGC -XX:+AlwaysPreTouch -XX:G1NewSizePercent=40 -XX:G1MaxNewSizePercent=50 -XX:G1HeapRegionSize=16M -XX:G1ReservePercent=15 -XX:G1HeapWastePercent=5 -XX:G1MixedGCCountTarget=4 -XX:InitiatingHeapOccupancyPercent=20 -XX:G1MixedGCLiveThresholdPercent=90 -XX:G1RSetUpdatingPauseTimePercent=5 -XX:SurvivorRatio=32 -XX:+PerfDisableSharedMem -XX:MaxTenuringThreshold=1 paper.jar nogui

Host: AMD Ryzen 5 5600X 6-Core Processor, 12 cores, 31G, Rocky Linux release 8.5 (Green Obsidian)
Time: Mon Jan 17 07:00:02 2022 UTC elapsed time: 0.026810 seconds (0d 0h 0m 0s)

---------------  T H R E A D  ---------------

Current thread (0x00007ff550023020):  JavaThread "Unknown thread" [_thread_in_vm, id=17107, stack(0x00007ff55840f000,0x00007ff558510000)]

Stack: [0x00007ff55840f000,0x00007ff558510000],  sp=0x00007ff55850e3f0,  free space=1020k
Native frames: (J=compiled Java code, j=interpreted, Vv=VM code, C=native code)
V  [libjvm.so+0xf7d371]  VMError::report_and_die(int, char const*, char const*, __va_list_tag*, Thread*, unsigned char*, void*, void*, char const*, int, unsigned long)+0x1a1
V  [libjvm.so+0xf7dffb]  VMError::report_and_die(Thread*, char const*, int, unsigned long, VMErrorType, char const*, __va_list_tag*)+0x2b
V  [libjvm.so+0x61bc2d]  report_vm_out_of_memory(char const*, int, unsigned long, VMErrorType, char const*, ...)+0xcd
V  [libjvm.so+0xc39f28]  os::pd_commit_memory_or_exit(char*, unsigned long, unsigned long, bool, char const*)+0x108
V  [libjvm.so+0xc3330d]  os::commit_memory_or_exit(char*, unsigned long, unsigned long, bool, char const*)+0x1d
V  [libjvm.so+0x75be04]  G1PageBasedVirtualSpace::commit(unsigned long, unsigned long)+0x154
V  [libjvm.so+0x771b51]  G1RegionsLargerThanCommitSizeMapper::commit_regions(unsigned int, unsigned long, WorkGang*)+0x181
V  [libjvm.so+0x7ff728]  HeapRegionManager::commit_regions(unsigned int, unsigned long, WorkGang*)+0x88
V  [libjvm.so+0x8012e9]  HeapRegionManager::expand(unsigned int, unsigned int, WorkGang*)+0x29
V  [libjvm.so+0x80152c]  HeapRegionManager::expand_by(unsigned int, WorkGang*)+0x7c
V  [libjvm.so+0x70c749]  G1CollectedHeap::expand(unsigned long, WorkGang*, double*)+0xe9
V  [libjvm.so+0x70ce61]  G1CollectedHeap::initialize()+0x691
V  [libjvm.so+0xf2ba51]  universe_init()+0xd1
V  [libjvm.so+0x822076]  init_globals()+0x36
V  [libjvm.so+0xf0346d]  Threads::create_vm(JavaVMInitArgs*, bool*)+0x2fd
V  [libjvm.so+0x8df6b2]  JNI_CreateJavaVM+0x52
C  [libjli.so+0x4b91]  JavaMain+0x91
C  [libjli.so+0x8889]  ThreadJavaMain+0x9


---------------  P R O C E S S  ---------------

Threads class SMR info:
_java_thread_list=0x00007ff5576d22e0, length=0, elements={
}

Java Threads: ( => current thread )

Other Threads:
  0x00007ff550054d20 GCTaskThread "GC Thread#0" [stack: 0x00007ff554a09000,0x00007ff554b09000] [id=17108]
  0x00007ff55005e330 ConcurrentGCThread "G1 Main Marker" [stack: 0x00007ff554907000,0x00007ff554a07000] [id=17109]
  0x00007ff55005f290 ConcurrentGCThread "G1 Conc#0" [stack: 0x00007ff554805000,0x00007ff554905000] [id=17110]

[error occurred during error reporting (printing all threads), id 0xb, SIGSEGV (0xb) at pc=0x00007ff5567dca10]

VM state: not at safepoint (not fully initialized)

VM Mutex/Monitor currently owned by a thread:  ([mutex/lock_event])
[0x00007ff550020b60] Heap_lock - owner thread: 0x00007ff550023020

Heap address: 0x0000000400000000, size: 16384 MB, Compressed Oops mode: Zero based, Oop shift amount: 3

CDS archive(s) mapped at: [0x0000000000000000-0x0000000000000000-0x0000000000000000), size 0, SharedBaseAddress: 0x0000000800000000, ArchiveRelocationMode: 0.
Narrow klass base: 0x0000000000000000, Narrow klass shift: 0, Narrow klass range: 0x0

GC Precious Log:
<Empty>

Heap:
 garbage-first heap   total 0K, used 0K [0x0000000400000000, 0x0000000800000000)
  region size 16384K, 0 young (0K), 0 survivors (0K)

[error occurred during error reporting (printing heap information), id 0xb, SIGSEGV (0xb) at pc=0x00007ff556da0a3a]

GC Heap History (0 events):
No events

Deoptimization events (0 events):
No events

Classes unloaded (0 events):
No events

Classes redefined (0 events):
No events

Internal exceptions (0 events):
No events

VM Operations (0 events):
No events

Events (2 events):
Event: 0.000 Protecting memory [0x00007ff55840f000,0x00007ff558413000] with protection modes 0
Event: 0.001 Loaded shared library /usr/java/jdk-17.0.1+12-jre/lib/libjava.so


Dynamic libraries:
55efc7793000-55efc7794000 r-xp 00000000 09:02 744685                     /usr/java/jdk-17.0.1+12-jre/bin/java
55efc7994000-55efc7995000 r--p 00001000 09:02 744685                     /usr/java/jdk-17.0.1+12-jre/bin/java
55efc7995000-55efc7996000 rw-p 00002000 09:02 744685                     /usr/java/jdk-17.0.1+12-jre/bin/java
55efc9492000-55efc94b3000 rw-p 00000000 00:00 0                          [heap]
7ff506000000-7ff508000000 rw-p 00000000 00:00 0 
7ff508000000-7ff508021000 rw-p 00000000 00:00 0 
7ff508021000-7ff50c000000 ---p 00000000 00:00 0 
7ff50c000000-7ff50c021000 rw-p 00000000 00:00 0 
7ff50c021000-7ff510000000 ---p 00000000 00:00 0 
7ff510000000-7ff510021000 rw-p 00000000 00:00 0 
7ff510021000-7ff514000000 ---p 00000000 00:00 0 
7ff5158f8000-7ff515fe5000 rw-p 00000000 00:00 0 
7ff515fe5000-7ff53bfe5000 ---p 00000000 00:00 0 
7ff53bfe5000-7ff53c255000 rwxp 00000000 00:00 0 
7ff53c255000-7ff53c577000 ---p 00000000 00:00 0 
7ff53c577000-7ff53c7e7000 rwxp 00000000 00:00 0 
7ff53c7e7000-7ff543aae000 ---p 00000000 00:00 0 
7ff543aae000-7ff543d1e000 rwxp 00000000 00:00 0 
7ff543d1e000-7ff54afe5000 ---p 00000000 00:00 0 
7ff54afe5000-7ff550000000 r--s 00000000 09:02 744668                     /usr/java/jdk-17.0.1+12-jre/lib/modules
7ff550000000-7ff550097000 rw-p 00000000 00:00 0 
7ff550097000-7ff554000000 ---p 00000000 00:00 0 
7ff5540fc000-7ff554803000 rw-p 00000000 00:00 0 
7ff554803000-7ff554804000 ---p 00000000 00:00 0 
7ff554804000-7ff554905000 rw-p 00000000 00:00 0 
7ff554905000-7ff554906000 ---p 00000000 00:00 0 
7ff554906000-7ff554a07000 rw-p 00000000 00:00 0 
7ff554a07000-7ff554a08000 ---p 00000000 00:00 0 
7ff554a08000-7ff555518000 rw-p 00000000 00:00 0 
7ff555518000-7ff5555fe000 ---p 00000000 00:00 0 
7ff5555fe000-7ff555603000 rw-p 00000000 00:00 0 
7ff555603000-7ff5556e9000 ---p 00000000 00:00 0 
7ff5556e9000-7ff55570d000 r-xp 00000000 09:02 744675                     /usr/java/jdk-17.0.1+12-jre/lib/libjava.so
7ff55570d000-7ff55590d000 ---p 00024000 09:02 744675                     /usr/java/jdk-17.0.1+12-jre/lib/libjava.so
7ff55590d000-7ff55590e000 r--p 00024000 09:02 744675                     /usr/java/jdk-17.0.1+12-jre/lib/libjava.so
7ff55590e000-7ff55590f000 rw-p 00025000 09:02 744675                     /usr/java/jdk-17.0.1+12-jre/lib/libjava.so
7ff55590f000-7ff555910000 rw-p 00000000 00:00 0 
7ff555910000-7ff55592b000 r-xp 00000000 09:02 741662                     /usr/java/jdk-17.0.1+12-jre/lib/libjimage.so
7ff55592b000-7ff555b2a000 ---p 0001b000 09:02 741662                     /usr/java/jdk-17.0.1+12-jre/lib/libjimage.so
7ff555b2a000-7ff555b2c000 r--p 0001a000 09:02 741662                     /usr/java/jdk-17.0.1+12-jre/lib/libjimage.so
7ff555b2c000-7ff555b2d000 rw-p 0001c000 09:02 741662                     /usr/java/jdk-17.0.1+12-jre/lib/libjimage.so
7ff555b2d000-7ff555cae000 r-xp 00000000 09:02 432689                     /usr/lib64/libm-2.28.so
7ff555cae000-7ff555ead000 ---p 00181000 09:02 432689                     /usr/lib64/libm-2.28.so
7ff555ead000-7ff555eae000 r--p 00180000 09:02 432689                     /usr/lib64/libm-2.28.so
7ff555eae000-7ff555eaf000 rw-p 00181000 09:02 432689                     /usr/lib64/libm-2.28.so
7ff555eaf000-7ff555eb6000 r-xp 00000000 09:02 2802061                    /usr/lib64/librt-2.28.so
7ff555eb6000-7ff5560b5000 ---p 00007000 09:02 2802061                    /usr/lib64/librt-2.28.so
7ff5560b5000-7ff5560b6000 r--p 00006000 09:02 2802061                    /usr/lib64/librt-2.28.so
7ff5560b6000-7ff5560b7000 rw-p 00007000 09:02 2802061                    /usr/lib64/librt-2.28.so
7ff5560b7000-7ff557396000 r-xp 00000000 09:02 537632615                  /usr/java/jdk-17.0.1+12-jre/lib/server/libjvm.so
7ff557396000-7ff557595000 ---p 012df000 09:02 537632615                  /usr/java/jdk-17.0.1+12-jre/lib/server/libjvm.so
7ff557595000-7ff55764e000 r--p 012de000 09:02 537632615                  /usr/java/jdk-17.0.1+12-jre/lib/server/libjvm.so
7ff55764e000-7ff557682000 rw-p 01397000 09:02 537632615                  /usr/java/jdk-17.0.1+12-jre/lib/server/libjvm.so
7ff557682000-7ff5576dc000 rw-p 00000000 00:00 0 
7ff5576dc000-7ff557898000 r-xp 00000000 09:02 432568                     /usr/lib64/libc-2.28.so
7ff557898000-7ff557a97000 ---p 001bc000 09:02 432568                     /usr/lib64/libc-2.28.so
7ff557a97000-7ff557a9b000 r--p 001bb000 09:02 432568                     /usr/lib64/libc-2.28.so
7ff557a9b000-7ff557a9d000 rw-p 001bf000 09:02 432568                     /usr/lib64/libc-2.28.so
7ff557a9d000-7ff557aa1000 rw-p 00000000 00:00 0 
7ff557aa1000-7ff557aa4000 r-xp 00000000 09:02 432596                     /usr/lib64/libdl-2.28.so
7ff557aa4000-7ff557ca3000 ---p 00003000 09:02 432596                     /usr/lib64/libdl-2.28.so
7ff557ca3000-7ff557ca4000 r--p 00002000 09:02 432596                     /usr/lib64/libdl-2.28.so
7ff557ca4000-7ff557ca5000 rw-p 00003000 09:02 432596                     /usr/lib64/libdl-2.28.so
7ff557ca5000-7ff557cc0000 r-xp 00000000 09:02 2802057                    /usr/lib64/libpthread-2.28.so
7ff557cc0000-7ff557ebf000 ---p 0001b000 09:02 2802057                    /usr/lib64/libpthread-2.28.so
7ff557ebf000-7ff557ec0000 r--p 0001a000 09:02 2802057                    /usr/lib64/libpthread-2.28.so
7ff557ec0000-7ff557ec1000 rw-p 0001b000 09:02 2802057                    /usr/lib64/libpthread-2.28.so
7ff557ec1000-7ff557ec5000 rw-p 00000000 00:00 0 
7ff557ec5000-7ff557ed4000 r-xp 00000000 09:02 744662                     /usr/java/jdk-17.0.1+12-jre/lib/libjli.so
7ff557ed4000-7ff5580d4000 ---p 0000f000 09:02 744662                     /usr/java/jdk-17.0.1+12-jre/lib/libjli.so
7ff5580d4000-7ff5580d5000 r--p 0000f000 09:02 744662                     /usr/java/jdk-17.0.1+12-jre/lib/libjli.so
7ff5580d5000-7ff5580d6000 rw-p 00010000 09:02 744662                     /usr/java/jdk-17.0.1+12-jre/lib/libjli.so
7ff5580d6000-7ff5580ec000 r-xp 00000000 09:02 490166                     /usr/lib64/libz.so.1.2.11
7ff5580ec000-7ff5582eb000 ---p 00016000 09:02 490166                     /usr/lib64/libz.so.1.2.11
7ff5582eb000-7ff5582ec000 r--p 00015000 09:02 490166                     /usr/lib64/libz.so.1.2.11
7ff5582ec000-7ff5582ed000 rw-p 00000000 00:00 0 
7ff5582ed000-7ff558319000 r-xp 00000000 09:02 779482                     /usr/lib64/ld-2.28.so
7ff558337000-7ff558400000 rw-p 00000000 00:00 0 
7ff558400000-7ff558407000 ---p 00000000 00:00 0 
7ff558407000-7ff55840f000 rw-p 00000000 00:00 0 
7ff55840f000-7ff558413000 ---p 00000000 00:00 0 
7ff558413000-7ff558512000 rw-p 00000000 00:00 0 
7ff558514000-7ff558515000 ---p 00000000 00:00 0 
7ff558515000-7ff558516000 r--p 00000000 00:00 0 
7ff558516000-7ff558517000 ---p 00000000 00:00 0 
7ff558517000-7ff558519000 rw-p 00000000 00:00 0 
7ff558519000-7ff55851a000 r--p 0002c000 09:02 779482                     /usr/lib64/ld-2.28.so
7ff55851a000-7ff55851c000 rw-p 0002d000 09:02 779482                     /usr/lib64/ld-2.28.so
7fff4e682000-7fff4e6a3000 rw-p 00000000 00:00 0                          [stack]
7fff4e794000-7fff4e798000 r--p 00000000 00:00 0                          [vvar]
7fff4e798000-7fff4e79a000 r-xp 00000000 00:00 0                          [vdso]
ffffffffff600000-ffffffffff601000 r-xp 00000000 00:00 0                  [vsyscall]


VM Arguments:
jvm_args: -Xms16G -Xmx16G -XX:+UseG1GC -XX:+ParallelRefProcEnabled -XX:MaxGCPauseMillis=200 -XX:+UnlockExperimentalVMOptions -XX:+DisableExplicitGC -XX:+AlwaysPreTouch -XX:G1NewSizePercent=40 -XX:G1MaxNewSizePercent=50 -XX:G1HeapRegionSize=16M -XX:G1ReservePercent=15 -XX:G1HeapWastePercent=5 -XX:G1MixedGCCountTarget=4 -XX:InitiatingHeapOccupancyPercent=20 -XX:G1MixedGCLiveThresholdPercent=90 -XX:G1RSetUpdatingPauseTimePercent=5 -XX:SurvivorRatio=32 -XX:+PerfDisableSharedMem -XX:MaxTenuringThreshold=1 
java_command: paper.jar nogui
java_class_path (initial): paper.jar
Launcher Type: SUN_STANDARD

[Global flags]
     bool AlwaysPreTouch                           = true                                      {product} {command line}
     bool AlwaysTenure                             = false                                     {product} {command line}
     intx CICompilerCount                          = 4                                         {product} {ergonomic}
     uint ConcGCThreads                            = 3                                         {product} {ergonomic}
     bool DisableExplicitGC                        = true                                      {product} {command line}
     uint G1ConcRefinementThreads                  = 10                                        {product} {ergonomic}
     uint G1EagerReclaimRemSetThreshold            = 128                                  {experimental} {ergonomic}
   size_t G1HeapRegionSize                         = 16777216                                  {product} {command line}
    uintx G1HeapWastePercent                       = 5                                         {product} {command line}
    uintx G1MaxNewSizePercent                      = 50                                   {experimental} {command line}
    uintx G1MixedGCCountTarget                     = 4                                         {product} {command line}
    uintx G1MixedGCLiveThresholdPercent            = 90                                   {experimental} {command line}
    uintx G1NewSizePercent                         = 40                                   {experimental} {command line}
     intx G1RSetUpdatingPauseTimePercent           = 5                                         {product} {command line}
    uintx G1ReservePercent                         = 15                                        {product} {command line}
    uintx GCDrainStackTargetSize                   = 64                                        {product} {ergonomic}
   size_t InitialHeapSize                          = 17179869184                               {product} {command line}
    uintx InitialTenuringThreshold                 = 1                                         {product} {ergonomic}
    uintx InitiatingHeapOccupancyPercent           = 20                                        {product} {command line}
   size_t MarkStackSize                            = 4194304                                   {product} {ergonomic}
    uintx MaxGCPauseMillis                         = 200                                       {product} {command line}
   size_t MaxHeapSize                              = 17179869184                               {product} {command line}
    uintx MaxTenuringThreshold                     = 1                                         {product} {command line}
   size_t MinHeapDeltaBytes                        = 16777216                                  {product} {ergonomic}
   size_t MinHeapSize                              = 17179869184                               {product} {command line}
     bool NeverTenure                              = false                                     {product} {command line}
    uintx NonNMethodCodeHeapSize                   = 5839372                                {pd product} {ergonomic}
    uintx NonProfiledCodeHeapSize                  = 122909434                              {pd product} {ergonomic}
     bool ParallelRefProcEnabled                   = true                                      {product} {command line}
     bool PerfDisableSharedMem                     = true                                      {product} {command line}
    uintx ProfiledCodeHeapSize                     = 122909434                              {pd product} {ergonomic}
    uintx ReservedCodeCacheSize                    = 251658240                              {pd product} {ergonomic}
     bool SegmentedCodeCache                       = true                                      {product} {ergonomic}
   size_t SoftMaxHeapSize                          = 17179869184                            {manageable} {ergonomic}
    uintx SurvivorRatio                            = 32                                        {product} {command line}
     bool UnlockExperimentalVMOptions              = true                                 {experimental} {command line}
     bool UseCompressedClassPointers               = true                           {product lp64_product} {ergonomic}
     bool UseCompressedOops                        = true                           {product lp64_product} {ergonomic}
     bool UseG1GC                                  = true                                      {product} {command line}

Logging:
Log output configuration:
 #0: stdout all=warning uptime,level,tags
 #1: stderr all=off uptime,level,tags

Environment Variables:
PATH=/usr/local/sbin:/usr/local/bin:/usr/sbin:/usr/bin
SHELL=/bin/bash
LANG=en_US.UTF-8

Signal Handlers:
   SIGSEGV: crash_handler in libjvm.so, mask=11100100010111111101111111111110, flags=SA_RESTART|SA_SIGINFO
    SIGBUS: crash_handler in libjvm.so, mask=11100100010111111101111111111110, flags=SA_RESTART|SA_SIGINFO
    SIGFPE: crash_handler in libjvm.so, mask=11100100010111111101111111111110, flags=SA_RESTART|SA_SIGINFO
   SIGPIPE: javaSignalHandler in libjvm.so, mask=11100100010111111101111111111110, flags=SA_RESTART|SA_SIGINFO
   SIGXFSZ: javaSignalHandler in libjvm.so, mask=11100100010111111101111111111110, flags=SA_RESTART|SA_SIGINFO
    SIGILL: crash_handler in libjvm.so, mask=11100100010111111101111111111110, flags=SA_RESTART|SA_SIGINFO
   SIGUSR2: SR_handler in libjvm.so, mask=00000000000000000000000000000000, flags=SA_RESTART|SA_SIGINFO
    SIGHUP: SIG_DFL, mask=00000000000000000000000000000000, flags=none
    SIGINT: SIG_DFL, mask=00000000000000000000000000000000, flags=none
   SIGTERM: SIG_DFL, mask=00000000000000000000000000000000, flags=none
   SIGQUIT: SIG_DFL, mask=00000000000000000000000000000000, flags=none
   SIGTRAP: crash_handler in libjvm.so, mask=11100100010111111101111111111110, flags=SA_RESTART|SA_SIGINFO


---------------  S Y S T E M  ---------------

OS:
Rocky Linux release 8.5 (Green Obsidian)
uname: Linux 4.18.0-348.7.1.el8_5.x86_64 #1 SMP Tue Dec 21 19:02:23 UTC 2021 x86_64
OS uptime: 1 days 4:37 hours
libc: glibc 2.28 NPTL 2.28 
rlimit (soft/hard): STACK 8192k/infinity , CORE 0k/infinity , NPROC 127353/127353 , NOFILE 262144/262144 , AS infinity/infinity , CPU infinity/infinity , DATA infinity/infinity , FSIZE infinity/infinity , MEMLOCK 64k/64k
load average: 0.10 0.16 0.17

/proc/meminfo:
MemTotal:       32642284 kB
MemFree:         5919552 kB
MemAvailable:   10982472 kB
Buffers:            6316 kB
Cached:          5405488 kB
SwapCached:            0 kB
Active:          1426336 kB
Inactive:       24812716 kB
Active(anon):       1484 kB
Inactive(anon): 20867656 kB
Active(file):    1424852 kB
Inactive(file):  3945060 kB
Unevictable:           0 kB
Mlocked:               0 kB
SwapTotal:       1048568 kB
SwapFree:        1048568 kB
Dirty:              3036 kB
Writeback:             0 kB
AnonPages:      20826356 kB
Mapped:           172496 kB
Shmem:             41888 kB
KReclaimable:     115468 kB
Slab:             189368 kB
SReclaimable:     115468 kB
SUnreclaim:        73900 kB
KernelStack:        7408 kB
PageTables:        54716 kB
NFS_Unstable:          0 kB
Bounce:                0 kB
WritebackTmp:          0 kB
CommitLimit:    17369708 kB
Committed_AS:   28122148 kB
VmallocTotal:   34359738367 kB
VmallocUsed:           0 kB
VmallocChunk:          0 kB
Percpu:            20736 kB
HardwareCorrupted:     0 kB
AnonHugePages:  19412992 kB
ShmemHugePages:        0 kB
ShmemPmdMapped:        0 kB
FileHugePages:         0 kB
FilePmdMapped:         0 kB
HugePages_Total:       0
HugePages_Free:        0
HugePages_Rsvd:        0
HugePages_Surp:        0
Hugepagesize:       2048 kB
Hugetlb:               0 kB
DirectMap4k:      281412 kB
DirectMap2M:    20613120 kB
DirectMap1G:    12582912 kB

/sys/kernel/mm/transparent_hugepage/enabled: <Not Available>
/sys/kernel/mm/transparent_hugepage/defrag (defrag/compaction efforts parameter): <Not Available>

Process Memory:
Virtual Size: 1322316K (peak: 18095524K)
Resident Set Size: 26392K (peak: 26392K) (anon: 14176K, file: 12216K, shmem: 0K)
Swapped out: 0K
C-Heap outstanding allocations: 702K

/proc/sys/kernel/threads-max (system-wide limit on the number of threads): 254707
/proc/sys/vm/max_map_count (maximum number of memory map areas a process may have): 65530
/proc/sys/kernel/pid_max (system-wide limit on number of process identifiers): 4194304

Steal ticks since vm start: 0
Steal ticks percentage since vm start:  0.000

CPU: total 12 (initial active 12) (12 cores per cpu, 2 threads per core) family 25 model 33 stepping 0 microcode 0xa201009, cx8, cmov, fxsr, ht, mmx, 3dnowpref, sse, sse2, sse3, ssse3, sse4a, sse4.1, sse4.2, popcnt, lzcnt, tsc, tscinvbit, avx, avx2, aes, erms, clmul, bmi1, bmi2, adx, sha, fma, vzeroupper, clflush, clflushopt
CPU Model and flags from /proc/cpuinfo:
model name	: AMD Ryzen 5 5600X 6-Core Processor
flags		: fpu vme de pse tsc msr pae mce cx8 apic sep mtrr pge mca cmov pat pse36 clflush mmx fxsr sse sse2 ht syscall nx mmxext fxsr_opt pdpe1gb rdtscp lm constant_tsc rep_good nopl nonstop_tsc cpuid extd_apicid aperfmperf pni pclmulqdq monitor ssse3 fma cx16 sse4_1 sse4_2 movbe popcnt aes xsave avx f16c rdrand lahf_lm cmp_legacy svm extapic cr8_legacy abm sse4a misalignsse 3dnowprefetch osvw ibs skinit wdt tce topoext perfctr_core perfctr_nb bpext perfctr_llc mwaitx cpb cat_l3 cdp_l3 hw_pstate ssbd mba ibrs ibpb stibp vmmcall fsgsbase bmi1 avx2 smep bmi2 erms invpcid cqm rdt_a rdseed adx smap clflushopt clwb sha_ni xsaveopt xsavec xgetbv1 xsaves cqm_llc cqm_occup_llc cqm_mbm_total cqm_mbm_local clzero irperf xsaveerptr wbnoinvd arat npt lbrv svm_lock nrip_save tsc_scale vmcb_clean flushbyasid decodeassists pausefilter pfthreshold avic v_vmsave_vmload vgif v_spec_ctrl umip pku ospke vaes vpclmulqdq rdpid overflow_recov succor smca fsrm sme sev sev_es

Online cpus: <Not Available>
Offline cpus: <Not Available>
BIOS frequency limitation: <Not Available>
Frequency switch latency (ns): <Not Available>
Available cpu frequencies: <Not Available>
Current governor: <Not Available>
Core performance/turbo boost: <Not Available>

Memory: 4k page, physical 32642284k(5919552k free), swap 1048568k(1048568k free)
Page Sizes: 4k

vm_info: OpenJDK 64-Bit Server VM (17.0.1+12) for linux-amd64 JRE (17.0.1+12), built on Dec  1 2021 15:09:35 by "" with gcc 7.5.0

END.
