#
# There is insufficient memory for the Java Runtime Environment to continue.
# Native memory allocation (mmap) failed to map 17179869184 bytes for committing reserved memory.
# Possible reasons:
#   The system is out of physical RAM or swap space
#   The process is running with CompressedOops enabled, and the Java Heap may be blocking the growth of the native heap
# Possible solutions:
#   Reduce memory load on the system
#   Increase physical memory or swap space
#   Check if swap backing store is full
#   Decrease Java heap size (-Xmx/-Xms)
#   Decrease number of Java threads
#   Decrease Java thread stack sizes (-Xss)
#   Set larger code cache with -XX:ReservedCodeCacheSize=
#   JVM is running with Zero Based Compressed Oops mode in which the Java heap is
#     placed in the first 32GB address space. The Java Heap base address is the
#     maximum limit for the native heap growth. Please use -XX:HeapBaseMinAddress
#     to set the Java Heap base and to place the Java Heap above 32GB virtual address.
# This output file may be truncated or incomplete.
#
#  Out of Memory Error (os_linux.cpp:2728), pid=40258, tid=40261
#
# JRE version:  (17.0.1+12) (build )
# Java VM: OpenJDK 64-Bit Server VM (17.0.1+12, mixed mode, sharing, tiered, compressed oops, compressed class ptrs, g1 gc, linux-amd64)
# Core dump will be written. Default location: Core dumps may be processed with "/usr/lib/systemd/systemd-coredump %P %u %g %s %t %c %h %e" (or dumping to /var/minecraft/server/core.40258)
#

---------------  S U M M A R Y ------------

Command Line: -Xms16G -Xmx16G -XX:+UseG1GC -XX:+ParallelRefProcEnabled -XX:MaxGCPauseMillis=200 -XX:+UnlockExperimentalVMOptions -XX:+DisableExplicitGC -XX:+AlwaysPreTouch -XX:G1NewSizePercent=40 -XX:G1MaxNewSizePercent=50 -XX:G1HeapRegionSize=16M -XX:G1ReservePercent=15 -XX:G1HeapWastePercent=5 -XX:G1MixedGCCountTarget=4 -XX:InitiatingHeapOccupancyPercent=15 -XX:G1MixedGCLiveThresholdPercent=90 -XX:G1RSetUpdatingPauseTimePercent=5 -XX:SurvivorRatio=32 -XX:+PerfDisableSharedMem -XX:MaxTenuringThreshold=1 paper-1.18.1-152.jar nogui

Host: AMD Ryzen 5 5600X 6-Core Processor, 12 cores, 31G, Rocky Linux release 8.5 (Green Obsidian)
Time: Tue Jan 18 15:41:32 2022 UTC elapsed time: 0.026877 seconds (0d 0h 0m 0s)

---------------  T H R E A D  ---------------

Current thread (0x00007fe140023050):  JavaThread "Unknown thread" [_thread_in_vm, id=40261, stack(0x00007fe14698f000,0x00007fe146a90000)]

Stack: [0x00007fe14698f000,0x00007fe146a90000],  sp=0x00007fe146a8e3f0,  free space=1020k
Native frames: (J=compiled Java code, j=interpreted, Vv=VM code, C=native code)
V  [libjvm.so+0xf7d371]  VMError::report_and_die(int, char const*, char const*, __va_list_tag*, Thread*, unsigned char*, void*, void*, char const*, int, unsigned long)+0x1a1
V  [libjvm.so+0xf7dffb]  VMError::report_and_die(Thread*, char const*, int, unsigned long, VMErrorType, char const*, __va_list_tag*)+0x2b
V  [libjvm.so+0x61bc2d]  report_vm_out_of_memory(char const*, int, unsigned long, VMErrorType, char const*, ...)+0xcd
V  [libjvm.so+0xc39f28]  os::pd_commit_memory_or_exit(char*, unsigned long, unsigned long, bool, char const*)+0x108
V  [libjvm.so+0xc3330d]  os::commit_memory_or_exit(char*, unsigned long, unsigned long, bool, char const*)+0x1d
V  [libjvm.so+0x75be04]  G1PageBasedVirtualSpace::commit(unsigned long, unsigned long)+0x154
V  [libjvm.so+0x771b51]  G1RegionsLargerThanCommitSizeMapper::commit_regions(unsigned int, unsigned long, WorkGang*)+0x181
V  [libjvm.so+0x7ff728]  HeapRegionManager::commit_regions(unsigned int, unsigned long, WorkGang*)+0x88
V  [libjvm.so+0x8012e9]  HeapRegionManager::expand(unsigned int, unsigned int, WorkGang*)+0x29
V  [libjvm.so+0x80152c]  HeapRegionManager::expand_by(unsigned int, WorkGang*)+0x7c
V  [libjvm.so+0x70c749]  G1CollectedHeap::expand(unsigned long, WorkGang*, double*)+0xe9
V  [libjvm.so+0x70ce61]  G1CollectedHeap::initialize()+0x691
V  [libjvm.so+0xf2ba51]  universe_init()+0xd1
V  [libjvm.so+0x822076]  init_globals()+0x36
V  [libjvm.so+0xf0346d]  Threads::create_vm(JavaVMInitArgs*, bool*)+0x2fd
V  [libjvm.so+0x8df6b2]  JNI_CreateJavaVM+0x52
C  [libjli.so+0x4b91]  JavaMain+0x91
C  [libjli.so+0x8889]  ThreadJavaMain+0x9


---------------  P R O C E S S  ---------------

Threads class SMR info:
_java_thread_list=0x00007fe145c522e0, length=0, elements={
}

Java Threads: ( => current thread )

Other Threads:
  0x00007fe140054d50 GCTaskThread "GC Thread#0" [stack: 0x00007fe104ec1000,0x00007fe104fc1000] [id=40262]
  0x00007fe14005e360 ConcurrentGCThread "G1 Main Marker" [stack: 0x00007fe104dbf000,0x00007fe104ebf000] [id=40263]
  0x00007fe14005f2c0 ConcurrentGCThread "G1 Conc#0" [stack: 0x00007fe104cbd000,0x00007fe104dbd000] [id=40264]

[error occurred during error reporting (printing all threads), id 0xb, SIGSEGV (0xb) at pc=0x00007fe144d5ca10]

VM state: not at safepoint (not fully initialized)

VM Mutex/Monitor currently owned by a thread:  ([mutex/lock_event])
[0x00007fe140020b90] Heap_lock - owner thread: 0x00007fe140023050

Heap address: 0x0000000400000000, size: 16384 MB, Compressed Oops mode: Zero based, Oop shift amount: 3

CDS archive(s) mapped at: [0x0000000000000000-0x0000000000000000-0x0000000000000000), size 0, SharedBaseAddress: 0x0000000800000000, ArchiveRelocationMode: 0.
Narrow klass base: 0x0000000000000000, Narrow klass shift: 0, Narrow klass range: 0x0

GC Precious Log:
<Empty>

Heap:
 garbage-first heap   total 0K, used 0K [0x0000000400000000, 0x0000000800000000)
  region size 16384K, 0 young (0K), 0 survivors (0K)

[error occurred during error reporting (printing heap information), id 0xb, SIGSEGV (0xb) at pc=0x00007fe145320a3a]

GC Heap History (0 events):
No events

Deoptimization events (0 events):
No events

Classes unloaded (0 events):
No events

Classes redefined (0 events):
No events

Internal exceptions (0 events):
No events

VM Operations (0 events):
No events

Events (2 events):
Event: 0.000 Protecting memory [0x00007fe14698f000,0x00007fe146993000] with protection modes 0
Event: 0.001 Loaded shared library /usr/java/jdk-17.0.1+12-jre/lib/libjava.so


Dynamic libraries:
561bfb0f1000-561bfb0f2000 r-xp 00000000 09:02 744685                     /usr/java/jdk-17.0.1+12-jre/bin/java
561bfb2f2000-561bfb2f3000 r--p 00001000 09:02 744685                     /usr/java/jdk-17.0.1+12-jre/bin/java
561bfb2f3000-561bfb2f4000 rw-p 00002000 09:02 744685                     /usr/java/jdk-17.0.1+12-jre/bin/java
561bfc855000-561bfc876000 rw-p 00000000 00:00 0                          [heap]
7fe0f5d6b000-7fe0f8000000 rw-p 00000000 00:00 0 
7fe0f8000000-7fe0f8021000 rw-p 00000000 00:00 0 
7fe0f8021000-7fe0fc000000 ---p 00000000 00:00 0 
7fe0fc000000-7fe0fc021000 rw-p 00000000 00:00 0 
7fe0fc021000-7fe100000000 ---p 00000000 00:00 0 
7fe100000000-7fe100021000 rw-p 00000000 00:00 0 
7fe100021000-7fe104000000 ---p 00000000 00:00 0 
7fe10415c000-7fe104cbb000 rw-p 00000000 00:00 0 
7fe104cbb000-7fe104cbc000 ---p 00000000 00:00 0 
7fe104cbc000-7fe104dbd000 rw-p 00000000 00:00 0 
7fe104dbd000-7fe104dbe000 ---p 00000000 00:00 0 
7fe104dbe000-7fe104ebf000 rw-p 00000000 00:00 0 
7fe104ebf000-7fe104ec0000 ---p 00000000 00:00 0 
7fe104ec0000-7fe104fc1000 rw-p 00000000 00:00 0 
7fe104fc1000-7fe12afc1000 ---p 00000000 00:00 0 
7fe12afc1000-7fe12b9d0000 rw-p 00000000 00:00 0 
7fe12b9d0000-7fe12bab6000 ---p 00000000 00:00 0 
7fe12bab6000-7fe12babb000 rw-p 00000000 00:00 0 
7fe12babb000-7fe12bba1000 ---p 00000000 00:00 0 
7fe12bba1000-7fe12be11000 rwxp 00000000 00:00 0 
7fe12be11000-7fe12c133000 ---p 00000000 00:00 0 
7fe12c133000-7fe12c3a3000 rwxp 00000000 00:00 0 
7fe12c3a3000-7fe13366a000 ---p 00000000 00:00 0 
7fe13366a000-7fe1338da000 rwxp 00000000 00:00 0 
7fe1338da000-7fe13aba1000 ---p 00000000 00:00 0 
7fe13aba1000-7fe13abc5000 r-xp 00000000 09:02 744675                     /usr/java/jdk-17.0.1+12-jre/lib/libjava.so
7fe13abc5000-7fe13adc5000 ---p 00024000 09:02 744675                     /usr/java/jdk-17.0.1+12-jre/lib/libjava.so
7fe13adc5000-7fe13adc6000 r--p 00024000 09:02 744675                     /usr/java/jdk-17.0.1+12-jre/lib/libjava.so
7fe13adc6000-7fe13adc7000 rw-p 00025000 09:02 744675                     /usr/java/jdk-17.0.1+12-jre/lib/libjava.so
7fe13adc7000-7fe13adc8000 rw-p 00000000 00:00 0 
7fe13adc8000-7fe13fde3000 r--s 00000000 09:02 744668                     /usr/java/jdk-17.0.1+12-jre/lib/modules
7fe13fde3000-7fe13fdfe000 r-xp 00000000 09:02 741662                     /usr/java/jdk-17.0.1+12-jre/lib/libjimage.so
7fe13fdfe000-7fe13fffd000 ---p 0001b000 09:02 741662                     /usr/java/jdk-17.0.1+12-jre/lib/libjimage.so
7fe13fffd000-7fe13ffff000 r--p 0001a000 09:02 741662                     /usr/java/jdk-17.0.1+12-jre/lib/libjimage.so
7fe13ffff000-7fe140000000 rw-p 0001c000 09:02 741662                     /usr/java/jdk-17.0.1+12-jre/lib/libjimage.so
7fe140000000-7fe140097000 rw-p 00000000 00:00 0 
7fe140097000-7fe144000000 ---p 00000000 00:00 0 
7fe1440ad000-7fe14422e000 r-xp 00000000 09:02 432689                     /usr/lib64/libm-2.28.so
7fe14422e000-7fe14442d000 ---p 00181000 09:02 432689                     /usr/lib64/libm-2.28.so
7fe14442d000-7fe14442e000 r--p 00180000 09:02 432689                     /usr/lib64/libm-2.28.so
7fe14442e000-7fe14442f000 rw-p 00181000 09:02 432689                     /usr/lib64/libm-2.28.so
7fe14442f000-7fe144436000 r-xp 00000000 09:02 2802061                    /usr/lib64/librt-2.28.so
7fe144436000-7fe144635000 ---p 00007000 09:02 2802061                    /usr/lib64/librt-2.28.so
7fe144635000-7fe144636000 r--p 00006000 09:02 2802061                    /usr/lib64/librt-2.28.so
7fe144636000-7fe144637000 rw-p 00007000 09:02 2802061                    /usr/lib64/librt-2.28.so
7fe144637000-7fe145916000 r-xp 00000000 09:02 537632615                  /usr/java/jdk-17.0.1+12-jre/lib/server/libjvm.so
7fe145916000-7fe145b15000 ---p 012df000 09:02 537632615                  /usr/java/jdk-17.0.1+12-jre/lib/server/libjvm.so
7fe145b15000-7fe145bce000 r--p 012de000 09:02 537632615                  /usr/java/jdk-17.0.1+12-jre/lib/server/libjvm.so
7fe145bce000-7fe145c02000 rw-p 01397000 09:02 537632615                  /usr/java/jdk-17.0.1+12-jre/lib/server/libjvm.so
7fe145c02000-7fe145c5c000 rw-p 00000000 00:00 0 
7fe145c5c000-7fe145e18000 r-xp 00000000 09:02 432568                     /usr/lib64/libc-2.28.so
7fe145e18000-7fe146017000 ---p 001bc000 09:02 432568                     /usr/lib64/libc-2.28.so
7fe146017000-7fe14601b000 r--p 001bb000 09:02 432568                     /usr/lib64/libc-2.28.so
7fe14601b000-7fe14601d000 rw-p 001bf000 09:02 432568                     /usr/lib64/libc-2.28.so
7fe14601d000-7fe146021000 rw-p 00000000 00:00 0 
7fe146021000-7fe146024000 r-xp 00000000 09:02 432596                     /usr/lib64/libdl-2.28.so
7fe146024000-7fe146223000 ---p 00003000 09:02 432596                     /usr/lib64/libdl-2.28.so
7fe146223000-7fe146224000 r--p 00002000 09:02 432596                     /usr/lib64/libdl-2.28.so
7fe146224000-7fe146225000 rw-p 00003000 09:02 432596                     /usr/lib64/libdl-2.28.so
7fe146225000-7fe146240000 r-xp 00000000 09:02 2802057                    /usr/lib64/libpthread-2.28.so
7fe146240000-7fe14643f000 ---p 0001b000 09:02 2802057                    /usr/lib64/libpthread-2.28.so
7fe14643f000-7fe146440000 r--p 0001a000 09:02 2802057                    /usr/lib64/libpthread-2.28.so
7fe146440000-7fe146441000 rw-p 0001b000 09:02 2802057                    /usr/lib64/libpthread-2.28.so
7fe146441000-7fe146445000 rw-p 00000000 00:00 0 
7fe146445000-7fe146454000 r-xp 00000000 09:02 744662                     /usr/java/jdk-17.0.1+12-jre/lib/libjli.so
7fe146454000-7fe146654000 ---p 0000f000 09:02 744662                     /usr/java/jdk-17.0.1+12-jre/lib/libjli.so
7fe146654000-7fe146655000 r--p 0000f000 09:02 744662                     /usr/java/jdk-17.0.1+12-jre/lib/libjli.so
7fe146655000-7fe146656000 rw-p 00010000 09:02 744662                     /usr/java/jdk-17.0.1+12-jre/lib/libjli.so
7fe146656000-7fe14666c000 r-xp 00000000 09:02 490166                     /usr/lib64/libz.so.1.2.11
7fe14666c000-7fe14686b000 ---p 00016000 09:02 490166                     /usr/lib64/libz.so.1.2.11
7fe14686b000-7fe14686c000 r--p 00015000 09:02 490166                     /usr/lib64/libz.so.1.2.11
7fe14686c000-7fe14686d000 rw-p 00000000 00:00 0 
7fe14686d000-7fe146899000 r-xp 00000000 09:02 779482                     /usr/lib64/ld-2.28.so
7fe1468b7000-7fe146980000 rw-p 00000000 00:00 0 
7fe146980000-7fe146987000 ---p 00000000 00:00 0 
7fe146987000-7fe14698f000 rw-p 00000000 00:00 0 
7fe14698f000-7fe146993000 ---p 00000000 00:00 0 
7fe146993000-7fe146a92000 rw-p 00000000 00:00 0 
7fe146a94000-7fe146a95000 ---p 00000000 00:00 0 
7fe146a95000-7fe146a96000 r--p 00000000 00:00 0 
7fe146a96000-7fe146a97000 ---p 00000000 00:00 0 
7fe146a97000-7fe146a99000 rw-p 00000000 00:00 0 
7fe146a99000-7fe146a9a000 r--p 0002c000 09:02 779482                     /usr/lib64/ld-2.28.so
7fe146a9a000-7fe146a9c000 rw-p 0002d000 09:02 779482                     /usr/lib64/ld-2.28.so
7ffe83059000-7ffe8307a000 rw-p 00000000 00:00 0                          [stack]
7ffe831f4000-7ffe831f8000 r--p 00000000 00:00 0                          [vvar]
7ffe831f8000-7ffe831fa000 r-xp 00000000 00:00 0                          [vdso]
ffffffffff600000-ffffffffff601000 r-xp 00000000 00:00 0                  [vsyscall]


VM Arguments:
jvm_args: -Xms16G -Xmx16G -XX:+UseG1GC -XX:+ParallelRefProcEnabled -XX:MaxGCPauseMillis=200 -XX:+UnlockExperimentalVMOptions -XX:+DisableExplicitGC -XX:+AlwaysPreTouch -XX:G1NewSizePercent=40 -XX:G1MaxNewSizePercent=50 -XX:G1HeapRegionSize=16M -XX:G1ReservePercent=15 -XX:G1HeapWastePercent=5 -XX:G1MixedGCCountTarget=4 -XX:InitiatingHeapOccupancyPercent=15 -XX:G1MixedGCLiveThresholdPercent=90 -XX:G1RSetUpdatingPauseTimePercent=5 -XX:SurvivorRatio=32 -XX:+PerfDisableSharedMem -XX:MaxTenuringThreshold=1 
java_command: paper-1.18.1-152.jar nogui
java_class_path (initial): paper-1.18.1-152.jar
Launcher Type: SUN_STANDARD

[Global flags]
     bool AlwaysPreTouch                           = true                                      {product} {command line}
     bool AlwaysTenure                             = false                                     {product} {command line}
     intx CICompilerCount                          = 4                                         {product} {ergonomic}
     uint ConcGCThreads                            = 3                                         {product} {ergonomic}
     bool DisableExplicitGC                        = true                                      {product} {command line}
     uint G1ConcRefinementThreads                  = 10                                        {product} {ergonomic}
     uint G1EagerReclaimRemSetThreshold            = 128                                  {experimental} {ergonomic}
   size_t G1HeapRegionSize                         = 16777216                                  {product} {command line}
    uintx G1HeapWastePercent                       = 5                                         {product} {command line}
    uintx G1MaxNewSizePercent                      = 50                                   {experimental} {command line}
    uintx G1MixedGCCountTarget                     = 4                                         {product} {command line}
    uintx G1MixedGCLiveThresholdPercent            = 90                                   {experimental} {command line}
    uintx G1NewSizePercent                         = 40                                   {experimental} {command line}
     intx G1RSetUpdatingPauseTimePercent           = 5                                         {product} {command line}
    uintx G1ReservePercent                         = 15                                        {product} {command line}
    uintx GCDrainStackTargetSize                   = 64                                        {product} {ergonomic}
   size_t InitialHeapSize                          = 17179869184                               {product} {command line}
    uintx InitialTenuringThreshold                 = 1                                         {product} {ergonomic}
    uintx InitiatingHeapOccupancyPercent           = 15                                        {product} {command line}
   size_t MarkStackSize                            = 4194304                                   {product} {ergonomic}
    uintx MaxGCPauseMillis                         = 200                                       {product} {command line}
   size_t MaxHeapSize                              = 17179869184                               {product} {command line}
    uintx MaxTenuringThreshold                     = 1                                         {product} {command line}
   size_t MinHeapDeltaBytes                        = 16777216                                  {product} {ergonomic}
   size_t MinHeapSize                              = 17179869184                               {product} {command line}
     bool NeverTenure                              = false                                     {product} {command line}
    uintx NonNMethodCodeHeapSize                   = 5839372                                {pd product} {ergonomic}
    uintx NonProfiledCodeHeapSize                  = 122909434                              {pd product} {ergonomic}
     bool ParallelRefProcEnabled                   = true                                      {product} {command line}
     bool PerfDisableSharedMem                     = true                                      {product} {command line}
    uintx ProfiledCodeHeapSize                     = 122909434                              {pd product} {ergonomic}
    uintx ReservedCodeCacheSize                    = 251658240                              {pd product} {ergonomic}
     bool SegmentedCodeCache                       = true                                      {product} {ergonomic}
   size_t SoftMaxHeapSize                          = 17179869184                            {manageable} {ergonomic}
    uintx SurvivorRatio                            = 32                                        {product} {command line}
     bool UnlockExperimentalVMOptions              = true                                 {experimental} {command line}
     bool UseCompressedClassPointers               = true                           {product lp64_product} {ergonomic}
     bool UseCompressedOops                        = true                           {product lp64_product} {ergonomic}
     bool UseG1GC                                  = true                                      {product} {command line}

Logging:
Log output configuration:
 #0: stdout all=warning uptime,level,tags
 #1: stderr all=off uptime,level,tags

Environment Variables:
PATH=/usr/local/sbin:/usr/local/bin:/usr/sbin:/usr/bin
SHELL=/bin/bash
LANG=en_US.UTF-8

Signal Handlers:
   SIGSEGV: crash_handler in libjvm.so, mask=11100100010111111101111111111110, flags=SA_RESTART|SA_SIGINFO
    SIGBUS: crash_handler in libjvm.so, mask=11100100010111111101111111111110, flags=SA_RESTART|SA_SIGINFO
    SIGFPE: crash_handler in libjvm.so, mask=11100100010111111101111111111110, flags=SA_RESTART|SA_SIGINFO
   SIGPIPE: javaSignalHandler in libjvm.so, mask=11100100010111111101111111111110, flags=SA_RESTART|SA_SIGINFO
   SIGXFSZ: javaSignalHandler in libjvm.so, mask=11100100010111111101111111111110, flags=SA_RESTART|SA_SIGINFO
    SIGILL: crash_handler in libjvm.so, mask=11100100010111111101111111111110, flags=SA_RESTART|SA_SIGINFO
   SIGUSR2: SR_handler in libjvm.so, mask=00000000000000000000000000000000, flags=SA_RESTART|SA_SIGINFO
    SIGHUP: SIG_DFL, mask=00000000000000000000000000000000, flags=none
    SIGINT: SIG_DFL, mask=00000000000000000000000000000000, flags=none
   SIGTERM: SIG_DFL, mask=00000000000000000000000000000000, flags=none
   SIGQUIT: SIG_DFL, mask=00000000000000000000000000000000, flags=none
   SIGTRAP: crash_handler in libjvm.so, mask=11100100010111111101111111111110, flags=SA_RESTART|SA_SIGINFO


---------------  S Y S T E M  ---------------

OS:
Rocky Linux release 8.5 (Green Obsidian)
uname: Linux 4.18.0-348.7.1.el8_5.x86_64 #1 SMP Tue Dec 21 19:02:23 UTC 2021 x86_64
OS uptime: 2 days 13:18 hours
libc: glibc 2.28 NPTL 2.28 
rlimit (soft/hard): STACK 8192k/infinity , CORE 0k/infinity , NPROC 127353/127353 , NOFILE 262144/262144 , AS infinity/infinity , CPU infinity/infinity , DATA infinity/infinity , FSIZE infinity/infinity , MEMLOCK 64k/64k
load average: 0.11 0.24 0.20

/proc/meminfo:
MemTotal:       32642284 kB
MemFree:         1781472 kB
MemAvailable:   11031500 kB
Buffers:            3984 kB
Cached:          9706644 kB
SwapCached:         1916 kB
Active:          3447356 kB
Inactive:       26911636 kB
Active(anon):    1264652 kB
Inactive(anon): 19539088 kB
Active(file):    2182704 kB
Inactive(file):  7372548 kB
Unevictable:           0 kB
Mlocked:               0 kB
SwapTotal:       1048568 kB
SwapFree:         381040 kB
Dirty:               436 kB
Writeback:             0 kB
AnonPages:      20645564 kB
Mapped:           246388 kB
Shmem:            155376 kB
KReclaimable:     119004 kB
Slab:             205572 kB
SReclaimable:     119004 kB
SUnreclaim:        86568 kB
KernelStack:        7808 kB
PageTables:        57680 kB
NFS_Unstable:          0 kB
Bounce:                0 kB
WritebackTmp:          0 kB
CommitLimit:    17369708 kB
Committed_AS:   28293292 kB
VmallocTotal:   34359738367 kB
VmallocUsed:           0 kB
VmallocChunk:          0 kB
Percpu:            21504 kB
HardwareCorrupted:     0 kB
AnonHugePages:  20230144 kB
ShmemHugePages:        0 kB
ShmemPmdMapped:        0 kB
FileHugePages:         0 kB
FilePmdMapped:         0 kB
HugePages_Total:       0
HugePages_Free:        0
HugePages_Rsvd:        0
HugePages_Surp:        0
Hugepagesize:       2048 kB
Hugetlb:               0 kB
DirectMap4k:      332612 kB
DirectMap2M:    22659072 kB
DirectMap1G:    10485760 kB

/sys/kernel/mm/transparent_hugepage/enabled: <Not Available>
/sys/kernel/mm/transparent_hugepage/defrag (defrag/compaction efforts parameter): <Not Available>

Process Memory:
Virtual Size: 1322316K (peak: 18095524K)
Resident Set Size: 26248K (peak: 26248K) (anon: 14124K, file: 12124K, shmem: 0K)
Swapped out: 0K
C-Heap outstanding allocations: 702K

/proc/sys/kernel/threads-max (system-wide limit on the number of threads): 254707
/proc/sys/vm/max_map_count (maximum number of memory map areas a process may have): 65530
/proc/sys/kernel/pid_max (system-wide limit on number of process identifiers): 4194304

Steal ticks since vm start: 0
Steal ticks percentage since vm start:  0.000

CPU: total 12 (initial active 12) (12 cores per cpu, 2 threads per core) family 25 model 33 stepping 0 microcode 0xa201009, cx8, cmov, fxsr, ht, mmx, 3dnowpref, sse, sse2, sse3, ssse3, sse4a, sse4.1, sse4.2, popcnt, lzcnt, tsc, tscinvbit, avx, avx2, aes, erms, clmul, bmi1, bmi2, adx, sha, fma, vzeroupper, clflush, clflushopt
CPU Model and flags from /proc/cpuinfo:
model name	: AMD Ryzen 5 5600X 6-Core Processor
flags		: fpu vme de pse tsc msr pae mce cx8 apic sep mtrr pge mca cmov pat pse36 clflush mmx fxsr sse sse2 ht syscall nx mmxext fxsr_opt pdpe1gb rdtscp lm constant_tsc rep_good nopl nonstop_tsc cpuid extd_apicid aperfmperf pni pclmulqdq monitor ssse3 fma cx16 sse4_1 sse4_2 movbe popcnt aes xsave avx f16c rdrand lahf_lm cmp_legacy svm extapic cr8_legacy abm sse4a misalignsse 3dnowprefetch osvw ibs skinit wdt tce topoext perfctr_core perfctr_nb bpext perfctr_llc mwaitx cpb cat_l3 cdp_l3 hw_pstate ssbd mba ibrs ibpb stibp vmmcall fsgsbase bmi1 avx2 smep bmi2 erms invpcid cqm rdt_a rdseed adx smap clflushopt clwb sha_ni xsaveopt xsavec xgetbv1 xsaves cqm_llc cqm_occup_llc cqm_mbm_total cqm_mbm_local clzero irperf xsaveerptr wbnoinvd arat npt lbrv svm_lock nrip_save tsc_scale vmcb_clean flushbyasid decodeassists pausefilter pfthreshold avic v_vmsave_vmload vgif v_spec_ctrl umip pku ospke vaes vpclmulqdq rdpid overflow_recov succor smca fsrm sme sev sev_es

Online cpus: <Not Available>
Offline cpus: <Not Available>
BIOS frequency limitation: <Not Available>
Frequency switch latency (ns): <Not Available>
Available cpu frequencies: <Not Available>
Current governor: <Not Available>
Core performance/turbo boost: <Not Available>

Memory: 4k page, physical 32642284k(1781472k free), swap 1048568k(381040k free)
Page Sizes: 4k

vm_info: OpenJDK 64-Bit Server VM (17.0.1+12) for linux-amd64 JRE (17.0.1+12), built on Dec  1 2021 15:09:35 by "" with gcc 7.5.0

END.
