#
# There is insufficient memory for the Java Runtime Environment to continue.
# Native memory allocation (mmap) failed to map 17179869184 bytes for committing reserved memory.
# Possible reasons:
#   The system is out of physical RAM or swap space
#   The process is running with CompressedOops enabled, and the Java Heap may be blocking the growth of the native heap
# Possible solutions:
#   Reduce memory load on the system
#   Increase physical memory or swap space
#   Check if swap backing store is full
#   Decrease Java heap size (-Xmx/-Xms)
#   Decrease number of Java threads
#   Decrease Java thread stack sizes (-Xss)
#   Set larger code cache with -XX:ReservedCodeCacheSize=
#   JVM is running with Zero Based Compressed Oops mode in which the Java heap is
#     placed in the first 32GB address space. The Java Heap base address is the
#     maximum limit for the native heap growth. Please use -XX:HeapBaseMinAddress
#     to set the Java Heap base and to place the Java Heap above 32GB virtual address.
# This output file may be truncated or incomplete.
#
#  Out of Memory Error (os_linux.cpp:2728), pid=41779, tid=41780
#
# JRE version:  (17.0.1+12) (build )
# Java VM: OpenJDK 64-Bit Server VM (17.0.1+12, mixed mode, sharing, tiered, compressed oops, compressed class ptrs, g1 gc, linux-amd64)
# Core dump will be written. Default location: Core dumps may be processed with "/usr/lib/systemd/systemd-coredump %P %u %g %s %t %c %h %e" (or dumping to /var/minecraft/server/core.41779)
#

---------------  S U M M A R Y ------------

Command Line: -Xms16G -Xmx16G -XX:+UseG1GC -XX:+ParallelRefProcEnabled -XX:MaxGCPauseMillis=200 -XX:+UnlockExperimentalVMOptions -XX:+DisableExplicitGC -XX:+AlwaysPreTouch -XX:G1NewSizePercent=40 -XX:G1MaxNewSizePercent=50 -XX:G1HeapRegionSize=16M -XX:G1ReservePercent=15 -XX:G1HeapWastePercent=5 -XX:G1MixedGCCountTarget=4 -XX:InitiatingHeapOccupancyPercent=15 -XX:G1MixedGCLiveThresholdPercent=90 -XX:G1RSetUpdatingPauseTimePercent=5 -XX:SurvivorRatio=32 -XX:+PerfDisableSharedMem -XX:MaxTenuringThreshold=1 paper-1.18.1-160.jar nogui

Host: AMD Ryzen 5 5600X 6-Core Processor, 12 cores, 31G, Rocky Linux release 8.5 (Green Obsidian)
Time: Tue Jan 18 17:29:17 2022 UTC elapsed time: 0.025590 seconds (0d 0h 0m 0s)

---------------  T H R E A D  ---------------

Current thread (0x00007fac60023050):  JavaThread "Unknown thread" [_thread_in_vm, id=41780, stack(0x00007fac6882a000,0x00007fac6892b000)]

Stack: [0x00007fac6882a000,0x00007fac6892b000],  sp=0x00007fac689293f0,  free space=1020k
Native frames: (J=compiled Java code, j=interpreted, Vv=VM code, C=native code)
V  [libjvm.so+0xf7d371]  VMError::report_and_die(int, char const*, char const*, __va_list_tag*, Thread*, unsigned char*, void*, void*, char const*, int, unsigned long)+0x1a1
V  [libjvm.so+0xf7dffb]  VMError::report_and_die(Thread*, char const*, int, unsigned long, VMErrorType, char const*, __va_list_tag*)+0x2b
V  [libjvm.so+0x61bc2d]  report_vm_out_of_memory(char const*, int, unsigned long, VMErrorType, char const*, ...)+0xcd
V  [libjvm.so+0xc39f28]  os::pd_commit_memory_or_exit(char*, unsigned long, unsigned long, bool, char const*)+0x108
V  [libjvm.so+0xc3330d]  os::commit_memory_or_exit(char*, unsigned long, unsigned long, bool, char const*)+0x1d
V  [libjvm.so+0x75be04]  G1PageBasedVirtualSpace::commit(unsigned long, unsigned long)+0x154
V  [libjvm.so+0x771b51]  G1RegionsLargerThanCommitSizeMapper::commit_regions(unsigned int, unsigned long, WorkGang*)+0x181
V  [libjvm.so+0x7ff728]  HeapRegionManager::commit_regions(unsigned int, unsigned long, WorkGang*)+0x88
V  [libjvm.so+0x8012e9]  HeapRegionManager::expand(unsigned int, unsigned int, WorkGang*)+0x29
V  [libjvm.so+0x80152c]  HeapRegionManager::expand_by(unsigned int, WorkGang*)+0x7c
V  [libjvm.so+0x70c749]  G1CollectedHeap::expand(unsigned long, WorkGang*, double*)+0xe9
V  [libjvm.so+0x70ce61]  G1CollectedHeap::initialize()+0x691
V  [libjvm.so+0xf2ba51]  universe_init()+0xd1
V  [libjvm.so+0x822076]  init_globals()+0x36
V  [libjvm.so+0xf0346d]  Threads::create_vm(JavaVMInitArgs*, bool*)+0x2fd
V  [libjvm.so+0x8df6b2]  JNI_CreateJavaVM+0x52
C  [libjli.so+0x4b91]  JavaMain+0x91
C  [libjli.so+0x8889]  ThreadJavaMain+0x9


---------------  P R O C E S S  ---------------

Threads class SMR info:
_java_thread_list=0x00007fac67aed2e0, length=0, elements={
}

Java Threads: ( => current thread )

Other Threads:
  0x00007fac60054d50 GCTaskThread "GC Thread#0" [stack: 0x00007fac64e24000,0x00007fac64f24000] [id=41781]
  0x00007fac6005e360 ConcurrentGCThread "G1 Main Marker" [stack: 0x00007fac64d22000,0x00007fac64e22000] [id=41782]
  0x00007fac6005f2c0 ConcurrentGCThread "G1 Conc#0" [stack: 0x00007fac64c20000,0x00007fac64d20000] [id=41783]

[error occurred during error reporting (printing all threads), id 0xb, SIGSEGV (0xb) at pc=0x00007fac66bf7a10]

VM state: not at safepoint (not fully initialized)

VM Mutex/Monitor currently owned by a thread:  ([mutex/lock_event])
[0x00007fac60020b90] Heap_lock - owner thread: 0x00007fac60023050

Heap address: 0x0000000400000000, size: 16384 MB, Compressed Oops mode: Zero based, Oop shift amount: 3

CDS archive(s) mapped at: [0x0000000000000000-0x0000000000000000-0x0000000000000000), size 0, SharedBaseAddress: 0x0000000800000000, ArchiveRelocationMode: 0.
Narrow klass base: 0x0000000000000000, Narrow klass shift: 0, Narrow klass range: 0x0

GC Precious Log:
<Empty>

Heap:
 garbage-first heap   total 0K, used 0K [0x0000000400000000, 0x0000000800000000)
  region size 16384K, 0 young (0K), 0 survivors (0K)

[error occurred during error reporting (printing heap information), id 0xb, SIGSEGV (0xb) at pc=0x00007fac671bba3a]

GC Heap History (0 events):
No events

Deoptimization events (0 events):
No events

Classes unloaded (0 events):
No events

Classes redefined (0 events):
No events

Internal exceptions (0 events):
No events

VM Operations (0 events):
No events

Events (2 events):
Event: 0.000 Protecting memory [0x00007fac6882a000,0x00007fac6882e000] with protection modes 0
Event: 0.001 Loaded shared library /usr/java/jdk-17.0.1+12-jre/lib/libjava.so


Dynamic libraries:
55940009d000-55940009e000 r-xp 00000000 09:02 744685                     /usr/java/jdk-17.0.1+12-jre/bin/java
55940029e000-55940029f000 r--p 00001000 09:02 744685                     /usr/java/jdk-17.0.1+12-jre/bin/java
55940029f000-5594002a0000 rw-p 00002000 09:02 744685                     /usr/java/jdk-17.0.1+12-jre/bin/java
559400500000-559400521000 rw-p 00000000 00:00 0                          [heap]
7fac16000000-7fac18000000 rw-p 00000000 00:00 0 
7fac18000000-7fac18021000 rw-p 00000000 00:00 0 
7fac18021000-7fac1c000000 ---p 00000000 00:00 0 
7fac1c000000-7fac1c021000 rw-p 00000000 00:00 0 
7fac1c021000-7fac20000000 ---p 00000000 00:00 0 
7fac20000000-7fac20021000 rw-p 00000000 00:00 0 
7fac20021000-7fac24000000 ---p 00000000 00:00 0 
7fac25d50000-7fac25fe5000 rw-p 00000000 00:00 0 
7fac25fe5000-7fac4bfe5000 ---p 00000000 00:00 0 
7fac4bfe5000-7fac4c255000 rwxp 00000000 00:00 0 
7fac4c255000-7fac4c577000 ---p 00000000 00:00 0 
7fac4c577000-7fac4c7e7000 rwxp 00000000 00:00 0 
7fac4c7e7000-7fac53aae000 ---p 00000000 00:00 0 
7fac53aae000-7fac53d1e000 rwxp 00000000 00:00 0 
7fac53d1e000-7fac5afe5000 ---p 00000000 00:00 0 
7fac5afe5000-7fac60000000 r--s 00000000 09:02 744668                     /usr/java/jdk-17.0.1+12-jre/lib/modules
7fac60000000-7fac60097000 rw-p 00000000 00:00 0 
7fac60097000-7fac64000000 ---p 00000000 00:00 0 
7fac640bf000-7fac64c1e000 rw-p 00000000 00:00 0 
7fac64c1e000-7fac64c1f000 ---p 00000000 00:00 0 
7fac64c1f000-7fac64d20000 rw-p 00000000 00:00 0 
7fac64d20000-7fac64d21000 ---p 00000000 00:00 0 
7fac64d21000-7fac64e22000 rw-p 00000000 00:00 0 
7fac64e22000-7fac64e23000 ---p 00000000 00:00 0 
7fac64e23000-7fac65933000 rw-p 00000000 00:00 0 
7fac65933000-7fac65a19000 ---p 00000000 00:00 0 
7fac65a19000-7fac65a1e000 rw-p 00000000 00:00 0 
7fac65a1e000-7fac65b04000 ---p 00000000 00:00 0 
7fac65b04000-7fac65b28000 r-xp 00000000 09:02 744675                     /usr/java/jdk-17.0.1+12-jre/lib/libjava.so
7fac65b28000-7fac65d28000 ---p 00024000 09:02 744675                     /usr/java/jdk-17.0.1+12-jre/lib/libjava.so
7fac65d28000-7fac65d29000 r--p 00024000 09:02 744675                     /usr/java/jdk-17.0.1+12-jre/lib/libjava.so
7fac65d29000-7fac65d2a000 rw-p 00025000 09:02 744675                     /usr/java/jdk-17.0.1+12-jre/lib/libjava.so
7fac65d2a000-7fac65d2b000 rw-p 00000000 00:00 0 
7fac65d2b000-7fac65d46000 r-xp 00000000 09:02 741662                     /usr/java/jdk-17.0.1+12-jre/lib/libjimage.so
7fac65d46000-7fac65f45000 ---p 0001b000 09:02 741662                     /usr/java/jdk-17.0.1+12-jre/lib/libjimage.so
7fac65f45000-7fac65f47000 r--p 0001a000 09:02 741662                     /usr/java/jdk-17.0.1+12-jre/lib/libjimage.so
7fac65f47000-7fac65f48000 rw-p 0001c000 09:02 741662                     /usr/java/jdk-17.0.1+12-jre/lib/libjimage.so
7fac65f48000-7fac660c9000 r-xp 00000000 09:02 432689                     /usr/lib64/libm-2.28.so
7fac660c9000-7fac662c8000 ---p 00181000 09:02 432689                     /usr/lib64/libm-2.28.so
7fac662c8000-7fac662c9000 r--p 00180000 09:02 432689                     /usr/lib64/libm-2.28.so
7fac662c9000-7fac662ca000 rw-p 00181000 09:02 432689                     /usr/lib64/libm-2.28.so
7fac662ca000-7fac662d1000 r-xp 00000000 09:02 2802061                    /usr/lib64/librt-2.28.so
7fac662d1000-7fac664d0000 ---p 00007000 09:02 2802061                    /usr/lib64/librt-2.28.so
7fac664d0000-7fac664d1000 r--p 00006000 09:02 2802061                    /usr/lib64/librt-2.28.so
7fac664d1000-7fac664d2000 rw-p 00007000 09:02 2802061                    /usr/lib64/librt-2.28.so
7fac664d2000-7fac677b1000 r-xp 00000000 09:02 537632615                  /usr/java/jdk-17.0.1+12-jre/lib/server/libjvm.so
7fac677b1000-7fac679b0000 ---p 012df000 09:02 537632615                  /usr/java/jdk-17.0.1+12-jre/lib/server/libjvm.so
7fac679b0000-7fac67a69000 r--p 012de000 09:02 537632615                  /usr/java/jdk-17.0.1+12-jre/lib/server/libjvm.so
7fac67a69000-7fac67a9d000 rw-p 01397000 09:02 537632615                  /usr/java/jdk-17.0.1+12-jre/lib/server/libjvm.so
7fac67a9d000-7fac67af7000 rw-p 00000000 00:00 0 
7fac67af7000-7fac67cb3000 r-xp 00000000 09:02 432568                     /usr/lib64/libc-2.28.so
7fac67cb3000-7fac67eb2000 ---p 001bc000 09:02 432568                     /usr/lib64/libc-2.28.so
7fac67eb2000-7fac67eb6000 r--p 001bb000 09:02 432568                     /usr/lib64/libc-2.28.so
7fac67eb6000-7fac67eb8000 rw-p 001bf000 09:02 432568                     /usr/lib64/libc-2.28.so
7fac67eb8000-7fac67ebc000 rw-p 00000000 00:00 0 
7fac67ebc000-7fac67ebf000 r-xp 00000000 09:02 432596                     /usr/lib64/libdl-2.28.so
7fac67ebf000-7fac680be000 ---p 00003000 09:02 432596                     /usr/lib64/libdl-2.28.so
7fac680be000-7fac680bf000 r--p 00002000 09:02 432596                     /usr/lib64/libdl-2.28.so
7fac680bf000-7fac680c0000 rw-p 00003000 09:02 432596                     /usr/lib64/libdl-2.28.so
7fac680c0000-7fac680db000 r-xp 00000000 09:02 2802057                    /usr/lib64/libpthread-2.28.so
7fac680db000-7fac682da000 ---p 0001b000 09:02 2802057                    /usr/lib64/libpthread-2.28.so
7fac682da000-7fac682db000 r--p 0001a000 09:02 2802057                    /usr/lib64/libpthread-2.28.so
7fac682db000-7fac682dc000 rw-p 0001b000 09:02 2802057                    /usr/lib64/libpthread-2.28.so
7fac682dc000-7fac682e0000 rw-p 00000000 00:00 0 
7fac682e0000-7fac682ef000 r-xp 00000000 09:02 744662                     /usr/java/jdk-17.0.1+12-jre/lib/libjli.so
7fac682ef000-7fac684ef000 ---p 0000f000 09:02 744662                     /usr/java/jdk-17.0.1+12-jre/lib/libjli.so
7fac684ef000-7fac684f0000 r--p 0000f000 09:02 744662                     /usr/java/jdk-17.0.1+12-jre/lib/libjli.so
7fac684f0000-7fac684f1000 rw-p 00010000 09:02 744662                     /usr/java/jdk-17.0.1+12-jre/lib/libjli.so
7fac684f1000-7fac68507000 r-xp 00000000 09:02 490166                     /usr/lib64/libz.so.1.2.11
7fac68507000-7fac68706000 ---p 00016000 09:02 490166                     /usr/lib64/libz.so.1.2.11
7fac68706000-7fac68707000 r--p 00015000 09:02 490166                     /usr/lib64/libz.so.1.2.11
7fac68707000-7fac68708000 rw-p 00000000 00:00 0 
7fac68708000-7fac68734000 r-xp 00000000 09:02 779482                     /usr/lib64/ld-2.28.so
7fac68752000-7fac6881b000 rw-p 00000000 00:00 0 
7fac6881b000-7fac68822000 ---p 00000000 00:00 0 
7fac68822000-7fac6882a000 rw-p 00000000 00:00 0 
7fac6882a000-7fac6882e000 ---p 00000000 00:00 0 
7fac6882e000-7fac6892d000 rw-p 00000000 00:00 0 
7fac6892f000-7fac68930000 ---p 00000000 00:00 0 
7fac68930000-7fac68931000 r--p 00000000 00:00 0 
7fac68931000-7fac68932000 ---p 00000000 00:00 0 
7fac68932000-7fac68934000 rw-p 00000000 00:00 0 
7fac68934000-7fac68935000 r--p 0002c000 09:02 779482                     /usr/lib64/ld-2.28.so
7fac68935000-7fac68937000 rw-p 0002d000 09:02 779482                     /usr/lib64/ld-2.28.so
7ffd7b89d000-7ffd7b8be000 rw-p 00000000 00:00 0                          [stack]
7ffd7b8e2000-7ffd7b8e6000 r--p 00000000 00:00 0                          [vvar]
7ffd7b8e6000-7ffd7b8e8000 r-xp 00000000 00:00 0                          [vdso]
ffffffffff600000-ffffffffff601000 r-xp 00000000 00:00 0                  [vsyscall]


VM Arguments:
jvm_args: -Xms16G -Xmx16G -XX:+UseG1GC -XX:+ParallelRefProcEnabled -XX:MaxGCPauseMillis=200 -XX:+UnlockExperimentalVMOptions -XX:+DisableExplicitGC -XX:+AlwaysPreTouch -XX:G1NewSizePercent=40 -XX:G1MaxNewSizePercent=50 -XX:G1HeapRegionSize=16M -XX:G1ReservePercent=15 -XX:G1HeapWastePercent=5 -XX:G1MixedGCCountTarget=4 -XX:InitiatingHeapOccupancyPercent=15 -XX:G1MixedGCLiveThresholdPercent=90 -XX:G1RSetUpdatingPauseTimePercent=5 -XX:SurvivorRatio=32 -XX:+PerfDisableSharedMem -XX:MaxTenuringThreshold=1 
java_command: paper-1.18.1-160.jar nogui
java_class_path (initial): paper-1.18.1-160.jar
Launcher Type: SUN_STANDARD

[Global flags]
     bool AlwaysPreTouch                           = true                                      {product} {command line}
     bool AlwaysTenure                             = false                                     {product} {command line}
     intx CICompilerCount                          = 4                                         {product} {ergonomic}
     uint ConcGCThreads                            = 3                                         {product} {ergonomic}
     bool DisableExplicitGC                        = true                                      {product} {command line}
     uint G1ConcRefinementThreads                  = 10                                        {product} {ergonomic}
     uint G1EagerReclaimRemSetThreshold            = 128                                  {experimental} {ergonomic}
   size_t G1HeapRegionSize                         = 16777216                                  {product} {command line}
    uintx G1HeapWastePercent                       = 5                                         {product} {command line}
    uintx G1MaxNewSizePercent                      = 50                                   {experimental} {command line}
    uintx G1MixedGCCountTarget                     = 4                                         {product} {command line}
    uintx G1MixedGCLiveThresholdPercent            = 90                                   {experimental} {command line}
    uintx G1NewSizePercent                         = 40                                   {experimental} {command line}
     intx G1RSetUpdatingPauseTimePercent           = 5                                         {product} {command line}
    uintx G1ReservePercent                         = 15                                        {product} {command line}
    uintx GCDrainStackTargetSize                   = 64                                        {product} {ergonomic}
   size_t InitialHeapSize                          = 17179869184                               {product} {command line}
    uintx InitialTenuringThreshold                 = 1                                         {product} {ergonomic}
    uintx InitiatingHeapOccupancyPercent           = 15                                        {product} {command line}
   size_t MarkStackSize                            = 4194304                                   {product} {ergonomic}
    uintx MaxGCPauseMillis                         = 200                                       {product} {command line}
   size_t MaxHeapSize                              = 17179869184                               {product} {command line}
    uintx MaxTenuringThreshold                     = 1                                         {product} {command line}
   size_t MinHeapDeltaBytes                        = 16777216                                  {product} {ergonomic}
   size_t MinHeapSize                              = 17179869184                               {product} {command line}
     bool NeverTenure                              = false                                     {product} {command line}
    uintx NonNMethodCodeHeapSize                   = 5839372                                {pd product} {ergonomic}
    uintx NonProfiledCodeHeapSize                  = 122909434                              {pd product} {ergonomic}
     bool ParallelRefProcEnabled                   = true                                      {product} {command line}
     bool PerfDisableSharedMem                     = true                                      {product} {command line}
    uintx ProfiledCodeHeapSize                     = 122909434                              {pd product} {ergonomic}
    uintx ReservedCodeCacheSize                    = 251658240                              {pd product} {ergonomic}
     bool SegmentedCodeCache                       = true                                      {product} {ergonomic}
   size_t SoftMaxHeapSize                          = 17179869184                            {manageable} {ergonomic}
    uintx SurvivorRatio                            = 32                                        {product} {command line}
     bool UnlockExperimentalVMOptions              = true                                 {experimental} {command line}
     bool UseCompressedClassPointers               = true                           {product lp64_product} {ergonomic}
     bool UseCompressedOops                        = true                           {product lp64_product} {ergonomic}
     bool UseG1GC                                  = true                                      {product} {command line}

Logging:
Log output configuration:
 #0: stdout all=warning uptime,level,tags
 #1: stderr all=off uptime,level,tags

Environment Variables:
PATH=/usr/local/sbin:/usr/local/bin:/usr/sbin:/usr/bin
SHELL=/bin/bash
LANG=en_US.UTF-8

Signal Handlers:
   SIGSEGV: crash_handler in libjvm.so, mask=11100100010111111101111111111110, flags=SA_RESTART|SA_SIGINFO
    SIGBUS: crash_handler in libjvm.so, mask=11100100010111111101111111111110, flags=SA_RESTART|SA_SIGINFO
    SIGFPE: crash_handler in libjvm.so, mask=11100100010111111101111111111110, flags=SA_RESTART|SA_SIGINFO
   SIGPIPE: javaSignalHandler in libjvm.so, mask=11100100010111111101111111111110, flags=SA_RESTART|SA_SIGINFO
   SIGXFSZ: javaSignalHandler in libjvm.so, mask=11100100010111111101111111111110, flags=SA_RESTART|SA_SIGINFO
    SIGILL: crash_handler in libjvm.so, mask=11100100010111111101111111111110, flags=SA_RESTART|SA_SIGINFO
   SIGUSR2: SR_handler in libjvm.so, mask=00000000000000000000000000000000, flags=SA_RESTART|SA_SIGINFO
    SIGHUP: SIG_DFL, mask=00000000000000000000000000000000, flags=none
    SIGINT: SIG_DFL, mask=00000000000000000000000000000000, flags=none
   SIGTERM: SIG_DFL, mask=00000000000000000000000000000000, flags=none
   SIGQUIT: SIG_DFL, mask=00000000000000000000000000000000, flags=none
   SIGTRAP: crash_handler in libjvm.so, mask=11100100010111111101111111111110, flags=SA_RESTART|SA_SIGINFO


---------------  S Y S T E M  ---------------

OS:
Rocky Linux release 8.5 (Green Obsidian)
uname: Linux 4.18.0-348.7.1.el8_5.x86_64 #1 SMP Tue Dec 21 19:02:23 UTC 2021 x86_64
OS uptime: 2 days 15:06 hours
libc: glibc 2.28 NPTL 2.28 
rlimit (soft/hard): STACK 8192k/infinity , CORE 0k/infinity , NPROC 127353/127353 , NOFILE 262144/262144 , AS infinity/infinity , CPU infinity/infinity , DATA infinity/infinity , FSIZE infinity/infinity , MEMLOCK 64k/64k
load average: 0.00 0.09 0.11

/proc/meminfo:
MemTotal:       32642284 kB
MemFree:         1536940 kB
MemAvailable:   10937000 kB
Buffers:            3984 kB
Cached:          9855240 kB
SwapCached:         1912 kB
Active:          3545356 kB
Inactive:       27052008 kB
Active(anon):    1265568 kB
Inactive(anon): 19627952 kB
Active(file):    2279788 kB
Inactive(file):  7424056 kB
Unevictable:           0 kB
Mlocked:               0 kB
SwapTotal:       1048568 kB
SwapFree:         383600 kB
Dirty:                32 kB
Writeback:             0 kB
AnonPages:      20735348 kB
Mapped:           247772 kB
Shmem:            155376 kB
KReclaimable:     121888 kB
Slab:             208180 kB
SReclaimable:     121888 kB
SUnreclaim:        86292 kB
KernelStack:        7648 kB
PageTables:        58784 kB
NFS_Unstable:          0 kB
Bounce:                0 kB
WritebackTmp:          0 kB
CommitLimit:    17369708 kB
Committed_AS:   28271836 kB
VmallocTotal:   34359738367 kB
VmallocUsed:           0 kB
VmallocChunk:          0 kB
Percpu:            21504 kB
HardwareCorrupted:     0 kB
AnonHugePages:  19279872 kB
ShmemHugePages:        0 kB
ShmemPmdMapped:        0 kB
FileHugePages:         0 kB
FilePmdMapped:         0 kB
HugePages_Total:       0
HugePages_Free:        0
HugePages_Rsvd:        0
HugePages_Surp:        0
Hugepagesize:       2048 kB
Hugetlb:               0 kB
DirectMap4k:      334660 kB
DirectMap2M:    22657024 kB
DirectMap1G:    10485760 kB

/sys/kernel/mm/transparent_hugepage/enabled: <Not Available>
/sys/kernel/mm/transparent_hugepage/defrag (defrag/compaction efforts parameter): <Not Available>

Process Memory:
Virtual Size: 1322316K (peak: 18095524K)
Resident Set Size: 26860K (peak: 26860K) (anon: 14180K, file: 12680K, shmem: 0K)
Swapped out: 0K
C-Heap outstanding allocations: 702K

/proc/sys/kernel/threads-max (system-wide limit on the number of threads): 254707
/proc/sys/vm/max_map_count (maximum number of memory map areas a process may have): 65530
/proc/sys/kernel/pid_max (system-wide limit on number of process identifiers): 4194304

Steal ticks since vm start: 0
Steal ticks percentage since vm start:  0.000

CPU: total 12 (initial active 12) (12 cores per cpu, 2 threads per core) family 25 model 33 stepping 0 microcode 0xa201009, cx8, cmov, fxsr, ht, mmx, 3dnowpref, sse, sse2, sse3, ssse3, sse4a, sse4.1, sse4.2, popcnt, lzcnt, tsc, tscinvbit, avx, avx2, aes, erms, clmul, bmi1, bmi2, adx, sha, fma, vzeroupper, clflush, clflushopt
CPU Model and flags from /proc/cpuinfo:
model name	: AMD Ryzen 5 5600X 6-Core Processor
flags		: fpu vme de pse tsc msr pae mce cx8 apic sep mtrr pge mca cmov pat pse36 clflush mmx fxsr sse sse2 ht syscall nx mmxext fxsr_opt pdpe1gb rdtscp lm constant_tsc rep_good nopl nonstop_tsc cpuid extd_apicid aperfmperf pni pclmulqdq monitor ssse3 fma cx16 sse4_1 sse4_2 movbe popcnt aes xsave avx f16c rdrand lahf_lm cmp_legacy svm extapic cr8_legacy abm sse4a misalignsse 3dnowprefetch osvw ibs skinit wdt tce topoext perfctr_core perfctr_nb bpext perfctr_llc mwaitx cpb cat_l3 cdp_l3 hw_pstate ssbd mba ibrs ibpb stibp vmmcall fsgsbase bmi1 avx2 smep bmi2 erms invpcid cqm rdt_a rdseed adx smap clflushopt clwb sha_ni xsaveopt xsavec xgetbv1 xsaves cqm_llc cqm_occup_llc cqm_mbm_total cqm_mbm_local clzero irperf xsaveerptr wbnoinvd arat npt lbrv svm_lock nrip_save tsc_scale vmcb_clean flushbyasid decodeassists pausefilter pfthreshold avic v_vmsave_vmload vgif v_spec_ctrl umip pku ospke vaes vpclmulqdq rdpid overflow_recov succor smca fsrm sme sev sev_es

Online cpus: <Not Available>
Offline cpus: <Not Available>
BIOS frequency limitation: <Not Available>
Frequency switch latency (ns): <Not Available>
Available cpu frequencies: <Not Available>
Current governor: <Not Available>
Core performance/turbo boost: <Not Available>

Memory: 4k page, physical 32642284k(1536940k free), swap 1048568k(383600k free)
Page Sizes: 4k

vm_info: OpenJDK 64-Bit Server VM (17.0.1+12) for linux-amd64 JRE (17.0.1+12), built on Dec  1 2021 15:09:35 by "" with gcc 7.5.0

END.
