This file logs every player that disconnected during combat
You can disable the logging in the config file

[2022/07/14 20:22:14] sudokou tried to escape combat!
[2022/07/16 18:57:45] Wolftifact tried to escape combat!
[2022/07/17 21:41:43] phoxify tried to escape combat!
[2022/07/17 21:41:50] sudokou tried to escape combat!
[2022/07/17 21:42:03] sudokou tried to escape combat!
[2022/07/17 21:44:12] sudokou tried to escape combat!
[2022/07/17 22:36:45] illidan10 tried to escape combat!
[2022/07/20 00:25:43] BladeMasters tried to escape combat!
[2022/07/24 04:16:26] rryle tried to escape combat!
[2022/07/26 23:49:39] quesoxx tried to escape combat!
[2022/08/04 15:46:57] _foxicraft tried to escape combat!
[2022/08/07 15:43:03] Bronziland18 tried to escape combat!
[2022/08/07 18:18:40] SwatLeader_80 tried to escape combat!
[2022/08/08 15:28:26] phoxify tried to escape combat!
[2022/08/13 15:15:43] robotic_ramen100 tried to escape combat!
[2022/08/19 00:00:39] ThE_bEaR2 tried to escape combat!
[2022/08/20 22:03:12] *FunnyCake16087 tried to escape combat!
[2022/08/20 22:38:54] ThE_bEaR2 tried to escape combat!
[2022/08/20 22:39:48] ThE_bEaR2 tried to escape combat!
[2022/08/21 20:13:35] robotic_ramen100 tried to escape combat!
[2022/08/22 20:54:23] Shadowninja8526 tried to escape combat!
[2022/08/23 22:30:47] robotic_ramen100 tried to escape combat!
[2022/08/23 22:33:37] ASWD234268 tried to escape combat!
[2022/08/25 21:16:21] Cyber_gaming13 tried to escape combat!
